<?xml version="1.0" encoding="UTF-8"?>
<robot generator="Robot 6.1.1 (Python 3.12.0 on win32)" generated="20231122 21:38:16.508" rpa="false" schemaversion="4">
<suite id="s1" name="Helloword" source="c:\Projetos\Estudos\robot-framework\helloword.robot">
<test id="s1-t1" name="Caso de teste 02 - Pesquia de um produto" line="22">
<kw name="Abrir o navegador" library="amazom_resources" type="SETUP">
<kw name="Open Browser" library="SeleniumLibrary">
<arg>browser=chrome</arg>
<doc>Opens a new browser instance to the optional ``url``.</doc>
<msg timestamp="20231122 21:38:16.935" level="INFO">Opening browser 'chrome' to base url 'None'.</msg>
<status status="PASS" starttime="20231122 21:38:16.935" endtime="20231122 21:38:19.284"/>
</kw>
<kw name="Maximize Browser Window" library="SeleniumLibrary">
<doc>Maximizes current browser window.</doc>
<status status="PASS" starttime="20231122 21:38:19.286" endtime="20231122 21:38:19.461"/>
</kw>
<status status="PASS" starttime="20231122 21:38:16.934" endtime="20231122 21:38:19.462"/>
</kw>
<kw name="Acessar o home page do site da Amazon.com.br" library="amazom_resources">
<kw name="Go To" library="SeleniumLibrary">
<arg>url=${URL}</arg>
<doc>Navigates the current browser window to the provided ``url``.</doc>
<msg timestamp="20231122 21:38:19.467" level="INFO">Opening url 'https://www.amazon.com.br/'</msg>
<status status="PASS" starttime="20231122 21:38:19.465" endtime="20231122 21:38:22.640"/>
</kw>
<kw name="Wait Until Element Is Visible" library="SeleniumLibrary">
<arg>locator=${MENU_ELETRONICOS}</arg>
<doc>Waits until the element ``locator`` is visible.</doc>
<status status="PASS" starttime="20231122 21:38:22.640" endtime="20231122 21:38:23.408"/>
</kw>
<status status="PASS" starttime="20231122 21:38:19.464" endtime="20231122 21:38:23.409"/>
</kw>
<kw name="Digitar o nome de produto &quot;Xbox Series S&quot; no campo de pesquisa" library="amazom_resources" sourcename="Digitar o nome de produto &quot;${PRODUTO}&quot; no campo de pesquisa">
<kw name="Input Text" library="SeleniumLibrary">
<arg>locator=twotabsearchtextbox</arg>
<arg>text='${PRODUTO}'</arg>
<doc>Types the given ``text`` into the text field identified by ``locator``.</doc>
<msg timestamp="20231122 21:38:23.415" level="INFO">Typing text ''Xbox Series S'' into text field 'twotabsearchtextbox'.</msg>
<status status="PASS" starttime="20231122 21:38:23.413" endtime="20231122 21:38:24.031"/>
</kw>
<status status="PASS" starttime="20231122 21:38:23.412" endtime="20231122 21:38:24.031"/>
</kw>
<kw name="Clicar no botão pesquisa" library="amazom_resources">
<kw name="Click Element" library="SeleniumLibrary">
<arg>locator=nav-search-submit-button</arg>
<doc>Click the element identified by ``locator``.</doc>
<msg timestamp="20231122 21:38:24.039" level="INFO">Clicking element 'nav-search-submit-button'.</msg>
<status status="PASS" starttime="20231122 21:38:24.038" endtime="20231122 21:38:26.915"/>
</kw>
<status status="PASS" starttime="20231122 21:38:24.037" endtime="20231122 21:38:26.915"/>
</kw>
<kw name="Verificar o resultado da pesquisa se esta listando o produto &quot;Console Xbox Series S&quot;" library="amazom_resources" sourcename="Verificar o resultado da pesquisa se esta listando o produto &quot;${PRODUTO}&quot;">
<kw name="Wait Until Element Is Visible" library="SeleniumLibrary">
<arg>locator=//span[@class='a-size-base-plus a-color-base a-text-normal'][contains(.,'${PRODUTO}')]</arg>
<doc>Waits until the element ``locator`` is visible.</doc>
<status status="PASS" starttime="20231122 21:38:26.923" endtime="20231122 21:38:26.997"/>
</kw>
<status status="PASS" starttime="20231122 21:38:26.922" endtime="20231122 21:38:26.998"/>
</kw>
<kw name="Fechar o navegador" library="amazom_resources" type="TEARDOWN">
<kw name="Capture Page Screenshot" library="SeleniumLibrary">
<doc>Takes a screenshot of the current page and embeds it into a log file.</doc>
<msg timestamp="20231122 21:38:27.803" level="INFO" html="true">&lt;/td&gt;&lt;/tr&gt;&lt;tr&gt;&lt;td colspan="3"&gt;&lt;a href="selenium-screenshot-11.png"&gt;&lt;img src="selenium-screenshot-11.png" width="800px"&gt;&lt;/a&gt;</msg>
<status status="PASS" starttime="20231122 21:38:27.000" endtime="20231122 21:38:27.803"/>
</kw>
<kw name="Close Browser" library="SeleniumLibrary">
<doc>Closes the current browser.</doc>
<status status="PASS" starttime="20231122 21:38:27.804" endtime="20231122 21:38:30.322"/>
</kw>
<status status="PASS" starttime="20231122 21:38:26.999" endtime="20231122 21:38:30.323"/>
</kw>
<doc>Este teste verifica a busca de um produto no site da Amazon</doc>
<tag>busca_produtos</tag>
<tag>lista_busca</tag>
<status status="PASS" starttime="20231122 21:38:16.931" endtime="20231122 21:38:30.325"/>
</test>
<doc>Essa suite testa o site da Amazon.com.br</doc>
<status status="PASS" starttime="20231122 21:38:16.521" endtime="20231122 21:38:30.336"/>
</suite>
<statistics>
<total>
<stat pass="1" fail="0" skip="0">All Tests</stat>
</total>
<tag>
<stat pass="1" fail="0" skip="0">busca_produtos</stat>
<stat pass="1" fail="0" skip="0">lista_busca</stat>
</tag>
<suite>
<stat pass="1" fail="0" skip="0" id="s1" name="Helloword">Helloword</stat>
</suite>
</statistics>
<errors>
</errors>
</robot>
