<?xml version="1.0" encoding="UTF-8"?>
<robot generator="Robot 6.1.1 (Python 3.12.0 on win32)" generated="20231121 23:47:30.319" rpa="false" schemaversion="4">
<suite id="s1" name="Helloword" source="c:\Projetos\Estudos\robot-framework\helloword.robot">
<test id="s1-t1" name="Caso de teste 01 - Acesso ao menu Eletronicos" line="11">
<kw name="Abrir o navegador" library="amazom_resources" type="SETUP">
<kw name="Open Browser" library="SeleniumLibrary">
<arg>browser=chrome</arg>
<doc>Opens a new browser instance to the optional ``url``.</doc>
<msg timestamp="20231121 23:47:30.878" level="INFO">Opening browser 'chrome' to base url 'None'.</msg>
<status status="PASS" starttime="20231121 23:47:30.877" endtime="20231121 23:47:33.950"/>
</kw>
<kw name="Maximize Browser Window" library="SeleniumLibrary">
<doc>Maximizes current browser window.</doc>
<status status="PASS" starttime="20231121 23:47:33.950" endtime="20231121 23:47:34.161"/>
</kw>
<status status="PASS" starttime="20231121 23:47:30.876" endtime="20231121 23:47:34.161"/>
</kw>
<kw name="Acessar o home page do site da Amazon.com.br" library="amazom_resources">
<kw name="Go To" library="SeleniumLibrary">
<arg>url=${URL}</arg>
<doc>Navigates the current browser window to the provided ``url``.</doc>
<msg timestamp="20231121 23:47:34.165" level="INFO">Opening url 'https://www.amazon.com.br/'</msg>
<status status="PASS" starttime="20231121 23:47:34.164" endtime="20231121 23:47:39.503"/>
</kw>
<kw name="Wait Until Element Is Visible" library="SeleniumLibrary">
<arg>locator=${MENU_ELETRONICOS}</arg>
<doc>Waits until the element ``locator`` is visible.</doc>
<status status="PASS" starttime="20231121 23:47:39.504" endtime="20231121 23:47:40.183"/>
</kw>
<status status="PASS" starttime="20231121 23:47:34.163" endtime="20231121 23:47:40.184"/>
</kw>
<kw name="Entrar no menu &quot;Eletronicos&quot;" library="amazom_resources">
<kw name="Click Element" library="SeleniumLibrary">
<arg>locator=${MENU_ELETRONICOS}</arg>
<doc>Click the element identified by ``locator``.</doc>
<msg timestamp="20231121 23:47:40.187" level="INFO">Clicking element '//a[@href='/Eletronicos-e-Tecnologia/b/?ie=UTF8&amp;node=16209062011&amp;ref_=nav_cs_electronics'][contains(.,'Eletrônicos')]'.</msg>
<status status="PASS" starttime="20231121 23:47:40.186" endtime="20231121 23:47:45.940"/>
</kw>
<status status="PASS" starttime="20231121 23:47:40.185" endtime="20231121 23:47:45.941"/>
</kw>
<kw name="Verificar se aparece a frase &quot;Eletrônicos e Tecnologia&quot;" library="amazom_resources" sourcename="Verificar se aparece a frase &quot;${FRASE}&quot;">
<kw name="Wait Until Page Contains" library="SeleniumLibrary">
<arg>text=${FRASE}</arg>
<doc>Waits until ``text`` appears on the current page.</doc>
<status status="PASS" starttime="20231121 23:47:46.021" endtime="20231121 23:47:46.808"/>
</kw>
<status status="PASS" starttime="20231121 23:47:46.019" endtime="20231121 23:47:46.809"/>
</kw>
<kw name="Verificar se o título fica &quot;Eletrônicos e Tecnologia | Amazon.com.br&quot;" library="amazom_resources" sourcename="Verificar se o título fica &quot;${TITULO}&quot;">
<kw name="Title Should Be" library="SeleniumLibrary">
<arg>title=${TITULO}</arg>
<doc>Verifies that the current page title equals ``title``.</doc>
<msg timestamp="20231121 23:47:47.078" level="INFO">Page title is 'Eletrônicos e Tecnologia | Amazon.com.br'.</msg>
<status status="PASS" starttime="20231121 23:47:46.821" endtime="20231121 23:47:47.078"/>
</kw>
<status status="PASS" starttime="20231121 23:47:46.819" endtime="20231121 23:47:47.079"/>
</kw>
<kw name="Verificar se aparece a categoria &quot;Computadores e Informática&quot;" library="amazom_resources" sourcename="Verificar se aparece a categoria &quot;${NOME_CATEGORIA}&quot;">
<kw name="Element Should Be Visible" library="SeleniumLibrary">
<arg>locator=//img[contains(@alt,'${NOME_CATEGORIA}')]</arg>
<doc>Verifies that the element identified by ``locator`` is visible.</doc>
<msg timestamp="20231121 23:47:47.582" level="INFO">Element '//img[contains(@alt,'Computadores e Informática')]' is displayed.</msg>
<status status="PASS" starttime="20231121 23:47:47.093" endtime="20231121 23:47:47.583"/>
</kw>
<status status="PASS" starttime="20231121 23:47:47.091" endtime="20231121 23:47:47.583"/>
</kw>
<doc>Esse teste verifica o menu eletronicos do site da Amazon.com.br
e verifica a categoria Computadores e Informática</doc>
<tag>menus</tag>
<status status="PASS" starttime="20231121 23:47:30.872" endtime="20231121 23:47:47.589"/>
</test>
<doc>Essa suite testa o site da Amazon.com.br</doc>
<status status="PASS" starttime="20231121 23:47:30.336" endtime="20231121 23:47:47.634"/>
</suite>
<statistics>
<total>
<stat pass="1" fail="0" skip="0">All Tests</stat>
</total>
<tag>
<stat pass="1" fail="0" skip="0">menus</stat>
</tag>
<suite>
<stat pass="1" fail="0" skip="0" id="s1" name="Helloword">Helloword</stat>
</suite>
</statistics>
<errors>
</errors>
</robot>
